This is pdfTeX, Version 3.14159265-2.6-1.40.17 (MiKTeX 2.9) (preloaded format=pdflatex 2016.10.25)  10 OCT 2017 18:47
entering extended mode
**./fks_project.tex
(fks_project.tex
LaTeX2e <2016/03/31> patch level 3
Babel <3.9r> and hyphenation patterns for 75 language(s) loaded.
("C:\Program Files\MiKTeX 2.9\tex\latex\base\report.cls"
Document Class: report 2014/09/29 v1.4h Standard LaTeX document class
("C:\Program Files\MiKTeX 2.9\tex\latex\base\size10.clo"
File: size10.clo 2014/09/29 v1.4h Standard LaTeX file (size option)
)
\c@part=\count79
\c@chapter=\count80
\c@section=\count81
\c@subsection=\count82
\c@subsubsection=\count83
\c@paragraph=\count84
\c@subparagraph=\count85
\c@figure=\count86
\c@table=\count87
\abovecaptionskip=\skip41
\belowcaptionskip=\skip42
\bibindent=\dimen102
)
("C:\Program Files\MiKTeX 2.9\tex\latex\base\inputenc.sty"
Package: inputenc 2015/03/17 v1.2c Input encoding file
\inpenc@prehook=\toks14
\inpenc@posthook=\toks15

("C:\Program Files\MiKTeX 2.9\tex\latex\cyrillic\cp1251.def"
File: cp1251.def 2014/10/28 v1.0d Input encoding file
))
("C:\Program Files\MiKTeX 2.9\tex\latex\base\fontenc.sty"
Package: fontenc 2016/06/19 v1.99m Standard LaTeX package

("C:\Program Files\MiKTeX 2.9\tex\latex\cyrillic\t2aenc.def"
File: t2aenc.def 2005/09/27 v1.0i Cyrillic encoding definition file
)
LaTeX Font Info:    Try loading font information for T2A+cmr on input line 105.


("C:\Program Files\MiKTeX 2.9\tex\latex\cyrillic\t2acmr.fd"
File: t2acmr.fd 2001/08/11 v1.0a Computer Modern Cyrillic font definitions
))
("C:\Program Files\MiKTeX 2.9\tex\generic\babel\babel.sty"
Package: babel 2016/04/23 3.9r The Babel package

*************************************
* Local config file bblopts.cfg used
*
("C:\Program Files\MiKTeX 2.9\tex\latex\arabi\bblopts.cfg"
File: bblopts.cfg 2005/09/08 v0.1 add Arabic and Farsi to "declared" options of
 babel
)
("C:\Program Files\MiKTeX 2.9\tex\latex\babel-english\english.ldf"
Language: english 2012/08/20 v3.3p English support from the babel system

("C:\Program Files\MiKTeX 2.9\tex\generic\babel\babel.def"
File: babel.def 2016/04/23 3.9r Babel common definitions
\babel@savecnt=\count88
\U@D=\dimen103
)
\l@canadian = a dialect from \language\l@american 
\l@australian = a dialect from \language\l@british 
\l@newzealand = a dialect from \language\l@british 
)
("C:\Program Files\MiKTeX 2.9\tex\latex\babel-russian\russianb.ldf"
Language: russianb 2016/02/18 1.3h Russian support for the Babel system
Package babel Info: Making " an active character on input line 111.
))
("C:\Program Files\MiKTeX 2.9\tex\latex\gnuplottex\gnuplottex.sty"
Package: gnuplottex 2016/08/21 v0.9.2 gnuplot graphs in LaTeX

("C:\Program Files\MiKTeX 2.9\tex\latex\graphics\graphicx.sty"
Package: graphicx 2014/10/28 v1.0g Enhanced LaTeX Graphics (DPC,SPQR)

("C:\Program Files\MiKTeX 2.9\tex\latex\graphics\keyval.sty"
Package: keyval 2014/10/28 v1.15 key=value parser (DPC)
\KV@toks@=\toks16
)
("C:\Program Files\MiKTeX 2.9\tex\latex\graphics\graphics.sty"
Package: graphics 2016/07/10 v1.0t Standard LaTeX Graphics (DPC,SPQR)

("C:\Program Files\MiKTeX 2.9\tex\latex\graphics\trig.sty"
Package: trig 2016/01/03 v1.10 sin cos tan (DPC)
)
("C:\Program Files\MiKTeX 2.9\tex\latex\00miktex\graphics.cfg"
File: graphics.cfg 2016/06/04 v1.11 sample graphics configuration
)
Package graphics Info: Driver file: pdftex.def on input line 99.

("C:\Program Files\MiKTeX 2.9\tex\latex\graphics-def\pdftex.def"
File: pdftex.def 2016/07/10 v0.06j Graphics/color for pdfTeX

("C:\Program Files\MiKTeX 2.9\tex\generic\oberdiek\infwarerr.sty"
Package: infwarerr 2016/05/16 v1.4 Providing info/warning/error messages (HO)
)
("C:\Program Files\MiKTeX 2.9\tex\generic\oberdiek\ltxcmds.sty"
Package: ltxcmds 2016/05/16 v1.23 LaTeX kernel commands for general use (HO)
)
\Gread@gobject=\count89
))
\Gin@req@height=\dimen104
\Gin@req@width=\dimen105
)
("C:\Program Files\MiKTeX 2.9\tex\latex\moreverb\moreverb.sty"
Package: moreverb 2008/06/03 v2.3a `more' verbatim facilities

("C:\Program Files\MiKTeX 2.9\tex\latex\tools\verbatim.sty"
Package: verbatim 2014/10/28 v1.5q LaTeX2e package for verbatim enhancements
\every@verbatim=\toks17
\verbatim@line=\toks18
\verbatim@in@stream=\read1
)
\tab@position=\count90
\tab@size=\count91
\listing@line=\count92
)
("C:\Program Files\MiKTeX 2.9\tex\latex\base\ifthen.sty"
Package: ifthen 2014/09/29 v1.1c Standard LaTeX ifthen package (DPC)
)
("C:\Program Files\MiKTeX 2.9\tex\generic\oberdiek\catchfile.sty"
Package: catchfile 2016/05/16 v1.7 Catch the contents of a file (HO)

("C:\Program Files\MiKTeX 2.9\tex\generic\oberdiek\etexcmds.sty"
Package: etexcmds 2016/05/16 v1.6 Avoid name clashes with e-TeX commands (HO)

("C:\Program Files\MiKTeX 2.9\tex\generic\oberdiek\ifluatex.sty"
Package: ifluatex 2016/05/16 v1.4 Provides the ifluatex switch (HO)
Package ifluatex Info: LuaTeX not detected.
)
Package etexcmds Info: Could not find \expanded.
(etexcmds)             That can mean that you are not using pdfTeX 1.50 or
(etexcmds)             that some package has redefined \expanded.
(etexcmds)             In the latter case, load this package earlier.
))
\verbatim@out=\write3
runsystem(touch w18-test-201710101127.tex)...executed.

runsystem(rm -f w18-test-201710101127.tex)...executed.

runsystem(rm -f "fks_project.gnuploterrors")...executed.



Package gnuplottex Warning: Shell escape not enabled.
(gnuplottex)                You'll need to convert the graphs yourself..

\c@fignum=\count93
) ("C:\Program Files\MiKTeX 2.9\tex\latex\amsmath\amsmath.sty"
Package: amsmath 2016/06/28 v2.15d AMS math features
\@mathmargin=\skip43

For additional information on amsmath, use the `?' option.
("C:\Program Files\MiKTeX 2.9\tex\latex\amsmath\amstext.sty"
Package: amstext 2000/06/29 v2.01 AMS text

("C:\Program Files\MiKTeX 2.9\tex\latex\amsmath\amsgen.sty"
File: amsgen.sty 1999/11/30 v2.0 generic functions
\@emptytoks=\toks19
\ex@=\dimen106
))
("C:\Program Files\MiKTeX 2.9\tex\latex\amsmath\amsbsy.sty"
Package: amsbsy 1999/11/29 v1.2d Bold Symbols
\pmbraise@=\dimen107
)
("C:\Program Files\MiKTeX 2.9\tex\latex\amsmath\amsopn.sty"
Package: amsopn 2016/03/08 v2.02 operator names
)
\inf@bad=\count94
LaTeX Info: Redefining \frac on input line 199.
\uproot@=\count95
\leftroot@=\count96
LaTeX Info: Redefining \overline on input line 297.
\classnum@=\count97
\DOTSCASE@=\count98
LaTeX Info: Redefining \ldots on input line 394.
LaTeX Info: Redefining \dots on input line 397.
LaTeX Info: Redefining \cdots on input line 518.
\Mathstrutbox@=\box26
\strutbox@=\box27
\big@size=\dimen108
LaTeX Font Info:    Redeclaring font encoding OML on input line 634.
LaTeX Font Info:    Redeclaring font encoding OMS on input line 635.
\macc@depth=\count99
\c@MaxMatrixCols=\count100
\dotsspace@=\muskip10
\c@parentequation=\count101
\dspbrk@lvl=\count102
\tag@help=\toks20
\row@=\count103
\column@=\count104
\maxfields@=\count105
\andhelp@=\toks21
\eqnshift@=\dimen109
\alignsep@=\dimen110
\tagshift@=\dimen111
\tagwidth@=\dimen112
\totwidth@=\dimen113
\lineht@=\dimen114
\@envbody=\toks22
\multlinegap=\skip44
\multlinetaggap=\skip45
\mathdisplay@stack=\toks23
LaTeX Info: Redefining \[ on input line 2739.
LaTeX Info: Redefining \] on input line 2740.
)
("C:\Program Files\MiKTeX 2.9\tex\latex\amsfonts\amssymb.sty"
Package: amssymb 2013/01/14 v3.01 AMS font symbols

("C:\Program Files\MiKTeX 2.9\tex\latex\amsfonts\amsfonts.sty"
Package: amsfonts 2013/01/14 v3.01 Basic AMSFonts support
\symAMSa=\mathgroup4
\symAMSb=\mathgroup5
LaTeX Font Info:    Overwriting math alphabet `\mathfrak' in version `bold'
(Font)                  U/euf/m/n --> U/euf/b/n on input line 106.
))
("C:\Program Files\MiKTeX 2.9\tex\latex\base\textcomp.sty"
Package: textcomp 2016/06/19 v1.99m Standard LaTeX package
Package textcomp Info: Sub-encoding information:
(textcomp)               5 = only ISO-Adobe without \textcurrency
(textcomp)               4 = 5 + \texteuro
(textcomp)               3 = 4 + \textohm
(textcomp)               2 = 3 + \textestimated + \textcurrency
(textcomp)               1 = TS1 - \textcircled - \t
(textcomp)               0 = TS1 (full)
(textcomp)             Font families with sub-encoding setting implement
(textcomp)             only a restricted character set as indicated.
(textcomp)             Family '?' is the default used for unknown fonts.
(textcomp)             See the documentation for details.
Package textcomp Info: Setting ? sub-encoding to TS1/1 on input line 79.

("C:\Program Files\MiKTeX 2.9\tex\latex\base\ts1enc.def"
File: ts1enc.def 2001/06/05 v3.0e (jk/car/fm) Standard LaTeX file
)
LaTeX Info: Redefining \oldstylenums on input line 334.
Package textcomp Info: Setting cmr sub-encoding to TS1/0 on input line 349.
Package textcomp Info: Setting cmss sub-encoding to TS1/0 on input line 350.
Package textcomp Info: Setting cmtt sub-encoding to TS1/0 on input line 351.
Package textcomp Info: Setting cmvtt sub-encoding to TS1/0 on input line 352.
Package textcomp Info: Setting cmbr sub-encoding to TS1/0 on input line 353.
Package textcomp Info: Setting cmtl sub-encoding to TS1/0 on input line 354.
Package textcomp Info: Setting ccr sub-encoding to TS1/0 on input line 355.
Package textcomp Info: Setting ptm sub-encoding to TS1/4 on input line 356.
Package textcomp Info: Setting pcr sub-encoding to TS1/4 on input line 357.
Package textcomp Info: Setting phv sub-encoding to TS1/4 on input line 358.
Package textcomp Info: Setting ppl sub-encoding to TS1/3 on input line 359.
Package textcomp Info: Setting pag sub-encoding to TS1/4 on input line 360.
Package textcomp Info: Setting pbk sub-encoding to TS1/4 on input line 361.
Package textcomp Info: Setting pnc sub-encoding to TS1/4 on input line 362.
Package textcomp Info: Setting pzc sub-encoding to TS1/4 on input line 363.
Package textcomp Info: Setting bch sub-encoding to TS1/4 on input line 364.
Package textcomp Info: Setting put sub-encoding to TS1/5 on input line 365.
Package textcomp Info: Setting uag sub-encoding to TS1/5 on input line 366.
Package textcomp Info: Setting ugq sub-encoding to TS1/5 on input line 367.
Package textcomp Info: Setting ul8 sub-encoding to TS1/4 on input line 368.
Package textcomp Info: Setting ul9 sub-encoding to TS1/4 on input line 369.
Package textcomp Info: Setting augie sub-encoding to TS1/5 on input line 370.
Package textcomp Info: Setting dayrom sub-encoding to TS1/3 on input line 371.
Package textcomp Info: Setting dayroms sub-encoding to TS1/3 on input line 372.

Package textcomp Info: Setting pxr sub-encoding to TS1/0 on input line 373.
Package textcomp Info: Setting pxss sub-encoding to TS1/0 on input line 374.
Package textcomp Info: Setting pxtt sub-encoding to TS1/0 on input line 375.
Package textcomp Info: Setting txr sub-encoding to TS1/0 on input line 376.
Package textcomp Info: Setting txss sub-encoding to TS1/0 on input line 377.
Package textcomp Info: Setting txtt sub-encoding to TS1/0 on input line 378.
Package textcomp Info: Setting lmr sub-encoding to TS1/0 on input line 379.
Package textcomp Info: Setting lmdh sub-encoding to TS1/0 on input line 380.
Package textcomp Info: Setting lmss sub-encoding to TS1/0 on input line 381.
Package textcomp Info: Setting lmssq sub-encoding to TS1/0 on input line 382.
Package textcomp Info: Setting lmvtt sub-encoding to TS1/0 on input line 383.
Package textcomp Info: Setting lmtt sub-encoding to TS1/0 on input line 384.
Package textcomp Info: Setting qhv sub-encoding to TS1/0 on input line 385.
Package textcomp Info: Setting qag sub-encoding to TS1/0 on input line 386.
Package textcomp Info: Setting qbk sub-encoding to TS1/0 on input line 387.
Package textcomp Info: Setting qcr sub-encoding to TS1/0 on input line 388.
Package textcomp Info: Setting qcs sub-encoding to TS1/0 on input line 389.
Package textcomp Info: Setting qpl sub-encoding to TS1/0 on input line 390.
Package textcomp Info: Setting qtm sub-encoding to TS1/0 on input line 391.
Package textcomp Info: Setting qzc sub-encoding to TS1/0 on input line 392.
Package textcomp Info: Setting qhvc sub-encoding to TS1/0 on input line 393.
Package textcomp Info: Setting futs sub-encoding to TS1/4 on input line 394.
Package textcomp Info: Setting futx sub-encoding to TS1/4 on input line 395.
Package textcomp Info: Setting futj sub-encoding to TS1/4 on input line 396.
Package textcomp Info: Setting hlh sub-encoding to TS1/3 on input line 397.
Package textcomp Info: Setting hls sub-encoding to TS1/3 on input line 398.
Package textcomp Info: Setting hlst sub-encoding to TS1/3 on input line 399.
Package textcomp Info: Setting hlct sub-encoding to TS1/5 on input line 400.
Package textcomp Info: Setting hlx sub-encoding to TS1/5 on input line 401.
Package textcomp Info: Setting hlce sub-encoding to TS1/5 on input line 402.
Package textcomp Info: Setting hlcn sub-encoding to TS1/5 on input line 403.
Package textcomp Info: Setting hlcw sub-encoding to TS1/5 on input line 404.
Package textcomp Info: Setting hlcf sub-encoding to TS1/5 on input line 405.
Package textcomp Info: Setting pplx sub-encoding to TS1/3 on input line 406.
Package textcomp Info: Setting pplj sub-encoding to TS1/3 on input line 407.
Package textcomp Info: Setting ptmx sub-encoding to TS1/4 on input line 408.
Package textcomp Info: Setting ptmj sub-encoding to TS1/4 on input line 409.
)

LaTeX Warning: Unused global option(s):
    [14pt,cmcyralt].

(fks_project.aux

LaTeX Warning: Label `eq2_ni_T' multiply defined.

)
\openout1 = `fks_project.aux'.

LaTeX Font Info:    Checking defaults for OML/cmm/m/it on input line 31.
LaTeX Font Info:    ... okay on input line 31.
LaTeX Font Info:    Checking defaults for T1/cmr/m/n on input line 31.
LaTeX Font Info:    ... okay on input line 31.
LaTeX Font Info:    Checking defaults for OT1/cmr/m/n on input line 31.
LaTeX Font Info:    ... okay on input line 31.
LaTeX Font Info:    Checking defaults for OMS/cmsy/m/n on input line 31.
LaTeX Font Info:    ... okay on input line 31.
LaTeX Font Info:    Checking defaults for OMX/cmex/m/n on input line 31.
LaTeX Font Info:    ... okay on input line 31.
LaTeX Font Info:    Checking defaults for U/cmr/m/n on input line 31.
LaTeX Font Info:    ... okay on input line 31.
LaTeX Font Info:    Checking defaults for T2A/cmr/m/n on input line 31.
LaTeX Font Info:    ... okay on input line 31.
LaTeX Font Info:    Checking defaults for TS1/cmr/m/n on input line 31.
LaTeX Font Info:    Try loading font information for TS1+cmr on input line 31.
 ("C:\Program Files\MiKTeX 2.9\tex\latex\base\ts1cmr.fd"
File: ts1cmr.fd 2014/09/29 v2.5h Standard LaTeX font definitions
)
LaTeX Font Info:    ... okay on input line 31.

("C:\Program Files\MiKTeX 2.9\tex\context\base\supp-pdf.mkii"
[Loading MPS to PDF converter (version 2006.09.02).]
\scratchcounter=\count106
\scratchdimen=\dimen115
\scratchbox=\box28
\nofMPsegments=\count107
\nofMParguments=\count108
\everyMPshowfont=\toks24
\MPscratchCnt=\count109
\MPscratchDim=\dimen116
\MPnumerator=\count110
\makeMPintoPDFobject=\count111
\everyMPtoPDFconversion=\toks25
) ("C:\Program Files\MiKTeX 2.9\tex\generic\oberdiek\pdftexcmds.sty"
Package: pdftexcmds 2016/05/21 v0.22 Utility functions of pdfTeX for LuaTeX (HO
)

("C:\Program Files\MiKTeX 2.9\tex\generic\oberdiek\ifpdf.sty"
Package: ifpdf 2016/05/14 v3.1 Provides the ifpdf switch
)
Package pdftexcmds Info: LuaTeX not detected.
Package pdftexcmds Info: \pdf@primitive is available.
Package pdftexcmds Info: \pdf@ifprimitive is available.
Package pdftexcmds Info: \pdfdraftmode found.
)
("C:\Program Files\MiKTeX 2.9\tex\latex\oberdiek\epstopdf-base.sty"
Package: epstopdf-base 2016/05/15 v2.6 Base part for package epstopdf

("C:\Program Files\MiKTeX 2.9\tex\latex\oberdiek\grfext.sty"
Package: grfext 2016/05/16 v1.2 Manage graphics extensions (HO)

("C:\Program Files\MiKTeX 2.9\tex\generic\oberdiek\kvdefinekeys.sty"
Package: kvdefinekeys 2016/05/16 v1.4 Define keys (HO)
))
("C:\Program Files\MiKTeX 2.9\tex\latex\oberdiek\kvoptions.sty"
Package: kvoptions 2016/05/16 v3.12 Key value format for package options (HO)

("C:\Program Files\MiKTeX 2.9\tex\generic\oberdiek\kvsetkeys.sty"
Package: kvsetkeys 2016/05/16 v1.17 Key value parser (HO)
))
Package epstopdf-base Info: Redefining graphics rule for `.eps' on input line 4
38.
Package grfext Info: Graphics extension search list:
(grfext)             [.png,.pdf,.jpg,.mps,.jpeg,.jbig2,.jb2,.PNG,.PDF,.JPG,.JPE
G,.JBIG2,.JB2,.eps]
(grfext)             \AppendGraphicsExtensions on input line 456.
)
(chapters/fks_title.tex [1

{C:/ProgramData/MiKTeX/2.9/pdftex/config/pdftex.map}]) (fks_project.toc)
\tf@toc=\write4
\openout4 = `fks_project.toc'.

 (chapters/fks_intro.tex [1

]) (chapters/fks_1.tex [2

]
LaTeX Font Info:    Try loading font information for U+msa on input line 18.

("C:\Program Files\MiKTeX 2.9\tex\latex\amsfonts\umsa.fd"
File: umsa.fd 2013/01/14 v3.01 AMS symbols A
)
LaTeX Font Info:    Try loading font information for U+msb on input line 18.

("C:\Program Files\MiKTeX 2.9\tex\latex\amsfonts\umsb.fd"
File: umsb.fd 2013/01/14 v3.01 AMS symbols B
)
Overfull \hbox (0.43648pt too wide) in paragraph at lines 18--19
 \T2A/cmr/bx/n/10 Ха-рак-те-ри-сти-ка удель-но-го со-про-тив-ле-ния по-лу-про-в
од-ни-ков[] \T2A/cmr/m/n/10 Фун-
 []

[3

] [4]
Overfull \hbox (4.78264pt too wide) in paragraph at lines 93--94
 \T2A/cmr/bx/n/10 По-движ-ность сво-бод-ных но-си-те-лей за-ря-да[] \T2A/cmr/m/
n/10 Для объ-яс-не-ния то-го фак-
 []

[5] [6]
Overfull \hbox (0.75554pt too wide) in paragraph at lines 113--114
\T2A/cmr/m/n/10 невы-рож-ден-ным. По-след-ние опи-сы-ва-ют-ся клас-си-че-ской с
та-ти-сти-кой Больц-
 []

[7]
Overfull \hbox (7.8305pt too wide) in paragraph at lines 127--128
\T2A/cmr/m/n/10 при-ме-не-ния мо-но-кри-стал-ли-че-ских об-раз-цов пра-виль-ной
 гео-мет-ри-че-ской фор-
 []


Overfull \hbox (1.16547pt too wide) in paragraph at lines 127--128
\T2A/cmr/m/n/10 мы (удли-нен-ный пря-мо-уголь-ный па-рал-ле-ле-пи-пед или ци-ли
н-дри-че-ский стер-
 []

Package epstopdf Info: Source file: <pics/pic1_1.eps>
(epstopdf)                    date: 2017-09-12 15:07:46
(epstopdf)                    size: 13650 bytes
(epstopdf)             Output file: <pics/pic1_1-eps-converted-to.pdf>
(epstopdf)                    date: 2017-09-12 15:09:35
(epstopdf)                    size: 6295 bytes
(epstopdf)             Command: <epstopdf --outfile=pics/pic1_1-eps-converted-t
o.pdf pics/pic1_1.eps>
(epstopdf)             \includegraphics on input line 130.
Package epstopdf Info: Output file is already uptodate.
<pics/pic1_1-eps-converted-to.pdf, id=42, 113.42375pt x 113.42375pt>
File: pics/pic1_1-eps-converted-to.pdf Graphic file (type pdf)

<use pics/pic1_1-eps-converted-to.pdf>
Package pdftex.def Info: pics/pic1_1-eps-converted-to.pdf used on input line 13
0.
(pdftex.def)             Requested size: 113.81113pt x 113.81102pt.


LaTeX Warning: `!h' float specifier changed to `!ht'.

[8]
Overfull \hbox (4.67148pt too wide) in paragraph at lines 157--157
\T2A/cmr/bx/n/12 не-ния в двух-зон-до-вых из-ме-ре-ни-ях удель-но-го элек-
 []

[9 <./pics/pic1_1-eps-converted-to.pdf>]
Package epstopdf Info: Source file: <pics/pic1_2.eps>
(epstopdf)                    date: 2017-09-12 17:32:43
(epstopdf)                    size: 24847 bytes
(epstopdf)             Output file: <pics/pic1_2-eps-converted-to.pdf>
(epstopdf)                    date: 2017-09-12 17:39:39
(epstopdf)                    size: 10345 bytes
(epstopdf)             Command: <epstopdf --outfile=pics/pic1_2-eps-converted-t
o.pdf pics/pic1_2.eps>
(epstopdf)             \includegraphics on input line 165.
Package epstopdf Info: Output file is already uptodate.

<pics/pic1_2-eps-converted-to.pdf, id=51, 107.40125pt x 107.40125pt>
File: pics/pic1_2-eps-converted-to.pdf Graphic file (type pdf)

<use pics/pic1_2-eps-converted-to.pdf>
Package pdftex.def Info: pics/pic1_2-eps-converted-to.pdf used on input line 16
5.
(pdftex.def)             Requested size: 113.81361pt x 113.81102pt.

Overfull \hbox (1.707pt too wide) in paragraph at lines 176--177
 \T2A/cmr/bx/n/10 Вклад па-ра-зит-ных тер-мо-ЭДС.[] \T2A/cmr/m/n/10 При из-ме-р
е-нии на вы-со-ких то-ках вдоль
 []

[10 <./pics/pic1_2-eps-converted-to.pdf>]
Package epstopdf Info: Source file: <pics/pic1_3.eps>
(epstopdf)                    date: 2017-09-13 12:41:56
(epstopdf)                    size: 28018 bytes
(epstopdf)             Output file: <pics/pic1_3-eps-converted-to.pdf>
(epstopdf)                    date: 2017-09-13 13:15:19
(epstopdf)                    size: 10371 bytes
(epstopdf)             Command: <epstopdf --outfile=pics/pic1_3-eps-converted-t
o.pdf pics/pic1_3.eps>
(epstopdf)             \includegraphics on input line 195.
Package epstopdf Info: Output file is already uptodate.

<pics/pic1_3-eps-converted-to.pdf, id=57, 148.555pt x 73.27374pt>
File: pics/pic1_3-eps-converted-to.pdf Graphic file (type pdf)

<use pics/pic1_3-eps-converted-to.pdf>
Package pdftex.def Info: pics/pic1_3-eps-converted-to.pdf used on input line 19
5.
(pdftex.def)             Requested size: 230.7384pt x 113.81102pt.
 [11 <./pics/pic1_3-eps-converted-to.pdf>]
Package epstopdf Info: Source file: <pics/pic1_4.eps>
(epstopdf)                    date: 2017-09-13 13:11:33
(epstopdf)                    size: 35060 bytes
(epstopdf)             Output file: <pics/pic1_4-eps-converted-to.pdf>
(epstopdf)                    date: 2017-09-13 13:15:19
(epstopdf)                    size: 14342 bytes
(epstopdf)             Command: <epstopdf --outfile=pics/pic1_4-eps-converted-t
o.pdf pics/pic1_4.eps>
(epstopdf)             \includegraphics on input line 207.
Package epstopdf Info: Output file is already uptodate.
 <pics/pic1_4-eps-converted-to.pdf, id=63, 119.44624pt x 69.25874pt>
File: pics/pic1_4-eps-converted-to.pdf Graphic file (type pdf)

<use pics/pic1_4-eps-converted-to.pdf>
Package pdftex.def Info: pics/pic1_4-eps-converted-to.pdf used on input line 20
7.
(pdftex.def)             Requested size: 196.28311pt x 113.81102pt.
 [12 <./pics/pic1_4-eps-converted-to.pdf>]

LaTeX Warning: Command \textendash invalid in math mode on input line 220.

[13]
Overfull \hbox (1.44931pt too wide) in paragraph at lines 260--261
[]\T2A/cmr/m/n/10 Чем опре-де-ля-ет-ся тем-пе-ра-тур-ная за-ви-си-мость элек-тр
о-про-вод-но-сти по-
 []

) (chapters/fks_2.tex [14]
Package epstopdf Info: Source file: <pics/pic2_zone.eps>
(epstopdf)                    date: 2017-09-18 13:15:03
(epstopdf)                    size: 16381 bytes
(epstopdf)             Output file: <pics/pic2_zone-eps-converted-to.pdf>
(epstopdf)                    date: 2017-09-18 13:16:50
(epstopdf)                    size: 7585 bytes
(epstopdf)             Command: <epstopdf --outfile=pics/pic2_zone-eps-converte
d-to.pdf pics/pic2_zone.eps>
(epstopdf)             \includegraphics on input line 37.
Package epstopdf Info: Output file is already uptodate.

<pics/pic2_zone-eps-converted-to.pdf, id=77, 105.39375pt x 77.28876pt>
File: pics/pic2_zone-eps-converted-to.pdf Graphic file (type pdf)

<use pics/pic2_zone-eps-converted-to.pdf>
Package pdftex.def Info: pics/pic2_zone-eps-converted-to.pdf used on input line
 37.
(pdftex.def)             Requested size: 155.20996pt x 113.81102pt.


LaTeX Warning: `!h' float specifier changed to `!ht'.

Package epstopdf Info: Source file: <pics/pic2_n_T.eps>
(epstopdf)                    date: 2017-09-15 15:49:52
(epstopdf)                    size: 38630 bytes
(epstopdf)             Output file: <pics/pic2_n_T-eps-converted-to.pdf>
(epstopdf)                    date: 2017-09-15 16:14:16
(epstopdf)                    size: 15504 bytes
(epstopdf)             Command: <epstopdf --outfile=pics/pic2_n_T-eps-converted
-to.pdf pics/pic2_n_T.eps>
(epstopdf)             \includegraphics on input line 43.
Package epstopdf Info: Output file is already uptodate.
<pics/pic2_n_T-eps-converted-to.pdf, id=78, 114.4275pt x 80.3pt>
File: pics/pic2_n_T-eps-converted-to.pdf Graphic file (type pdf)

<use pics/pic2_n_T-eps-converted-to.pdf>
Package pdftex.def Info: pics/pic2_n_T-eps-converted-to.pdf used on input line 
43.
(pdftex.def)             Requested size: 162.18611pt x 113.81102pt.


LaTeX Warning: `!h' float specifier changed to `!ht'.

[15

] [16 <./pics/pic2_zone-eps-converted-to.pdf> <./pics/pic2_n_T-eps-converted-to
.pdf>]
Package epstopdf Info: Source file: <pics/pic2_E_T.eps>
(epstopdf)                    date: 2017-09-18 13:16:25
(epstopdf)                    size: 42907 bytes
(epstopdf)             Output file: <pics/pic2_E_T-eps-converted-to.pdf>
(epstopdf)                    date: 2017-09-18 13:16:51
(epstopdf)                    size: 17266 bytes
(epstopdf)             Command: <epstopdf --outfile=pics/pic2_E_T-eps-converted
-to.pdf pics/pic2_E_T.eps>
(epstopdf)             \includegraphics on input line 80.
Package epstopdf Info: Output file is already uptodate.

<pics/pic2_E_T-eps-converted-to.pdf, id=91, 127.47626pt x 111.41624pt>
File: pics/pic2_E_T-eps-converted-to.pdf Graphic file (type pdf)

<use pics/pic2_E_T-eps-converted-to.pdf>
Package pdftex.def Info: pics/pic2_E_T-eps-converted-to.pdf used on input line 
80.
(pdftex.def)             Requested size: 130.21661pt x 113.81102pt.
 [17 <./pics/pic2_E_T-eps-converted-to.pdf>]
Package epstopdf Info: Source file: <pics/pic2_mu_T.eps>
(epstopdf)                    date: 2017-09-18 13:14:16
(epstopdf)                    size: 17612 bytes
(epstopdf)             Output file: <pics/pic2_mu_T-eps-converted-to.pdf>
(epstopdf)                    date: 2017-09-18 13:16:52
(epstopdf)                    size: 8319 bytes
(epstopdf)             Command: <epstopdf --outfile=pics/pic2_mu_T-eps-converte
d-to.pdf pics/pic2_mu_T.eps>
(epstopdf)             \includegraphics on input line 101.
Package epstopdf Info: Output file is already uptodate.
 <pics/pic2_mu_T-eps-converted-to.pdf, id=97, 117.43875pt x 94.3525pt>
File: pics/pic2_mu_T-eps-converted-to.pdf Graphic file (type pdf)

<use pics/pic2_mu_T-eps-converted-to.pdf>
Package pdftex.def Info: pics/pic2_mu_T-eps-converted-to.pdf used on input line
 101.
(pdftex.def)             Requested size: 141.65869pt x 113.81102pt.
Package epstopdf Info: Source file: <pics/pic2_sigma_T.eps>
(epstopdf)                    date: 2017-09-18 12:37:37
(epstopdf)                    size: 15499 bytes
(epstopdf)             Output file: <pics/pic2_sigma_T-eps-converted-to.pdf>
(epstopdf)                    date: 2017-09-18 12:46:30
(epstopdf)                    size: 7380 bytes
(epstopdf)             Command: <epstopdf --outfile=pics/pic2_sigma_T-eps-conve
rted-to.pdf pics/pic2_sigma_T.eps>
(epstopdf)             \includegraphics on input line 111.
Package epstopdf Info: Output file is already uptodate.

<pics/pic2_sigma_T-eps-converted-to.pdf, id=98, 114.4275pt x 90.3375pt>
File: pics/pic2_sigma_T-eps-converted-to.pdf Graphic file (type pdf)

<use pics/pic2_sigma_T-eps-converted-to.pdf>
Package pdftex.def Info: pics/pic2_sigma_T-eps-converted-to.pdf used on input l
ine 111.
(pdftex.def)             Requested size: 144.16194pt x 113.81102pt.


LaTeX Warning: `!h' float specifier changed to `!ht'.

[18 <./pics/pic2_mu_T-eps-converted-to.pdf>]
Package epstopdf Info: Source file: <pics/pic2_scheme.eps>
(epstopdf)                    date: 2017-09-19 13:39:53
(epstopdf)                    size: 44087 bytes
(epstopdf)             Output file: <pics/pic2_scheme-eps-converted-to.pdf>
(epstopdf)                    date: 2017-09-19 13:40:05
(epstopdf)                    size: 17009 bytes
(epstopdf)             Command: <epstopdf --outfile=pics/pic2_scheme-eps-conver
ted-to.pdf pics/pic2_scheme.eps>
(epstopdf)             \includegraphics on input line 145.
Package epstopdf Info: Output file is already uptodate.

<pics/pic2_scheme-eps-converted-to.pdf, id=105, 120.45pt x 75.28125pt>
File: pics/pic2_scheme-eps-converted-to.pdf Graphic file (type pdf)

<use pics/pic2_scheme-eps-converted-to.pdf>
Package pdftex.def Info: pics/pic2_scheme-eps-converted-to.pdf used on input li
ne 145.
(pdftex.def)             Requested size: 182.11546pt x 113.81102pt.


LaTeX Warning: `!h' float specifier changed to `!ht'.

[19 <./pics/pic2_sigma_T-eps-converted-to.pdf>]
Overfull \hbox (2.4213pt too wide) in paragraph at lines 159--160
[]\T2A/cmr/m/n/10 Запустить про-грам-му для из-ме-ре-ния тем-пе-ра-тур-ной за-в
и-си-мо-сти элек-
 []

[20 <./pics/pic2_scheme-eps-converted-to.pdf>]
Package epstopdf Info: Source file: <pics/pic2_experiment.eps>
(epstopdf)                    date: 2017-09-19 12:57:11
(epstopdf)                    size: 22361 bytes
(epstopdf)             Output file: <pics/pic2_experiment-eps-converted-to.pdf>

(epstopdf)                    date: 2017-09-19 13:31:50
(epstopdf)                    size: 9906 bytes
(epstopdf)             Command: <epstopdf --outfile=pics/pic2_experiment-eps-co
nverted-to.pdf pics/pic2_experiment.eps>
(epstopdf)             \includegraphics on input line 193.
Package epstopdf Info: Output file is already uptodate.

<pics/pic2_experiment-eps-converted-to.pdf, id=116, 115.43124pt x 78.2925pt>
File: pics/pic2_experiment-eps-converted-to.pdf Graphic file (type pdf)

<use pics/pic2_experiment-eps-converted-to.pdf>
Package pdftex.def Info: pics/pic2_experiment-eps-converted-to.pdf used on inpu
t line 193.
(pdftex.def)             Requested size: 167.80429pt x 113.81102pt.
 [21 <./pics/pic2_experiment-eps-converted-to.pdf>]) (chapters/fks_3.tex [22]
Package epstopdf Info: Source file: <pics/pic3_lorentz.eps>
(epstopdf)                    date: 2017-09-20 13:01:21
(epstopdf)                    size: 60517 bytes
(epstopdf)             Output file: <pics/pic3_lorentz-eps-converted-to.pdf>
(epstopdf)                    date: 2017-09-20 13:22:50
(epstopdf)                    size: 21745 bytes
(epstopdf)             Command: <epstopdf --outfile=pics/pic3_lorentz-eps-conve
rted-to.pdf pics/pic3_lorentz.eps>
(epstopdf)             \includegraphics on input line 21.
Package epstopdf Info: Output file is already uptodate.

<pics/pic3_lorentz-eps-converted-to.pdf, id=125, 153.57375pt x 79.29625pt>
File: pics/pic3_lorentz-eps-converted-to.pdf Graphic file (type pdf)

<use pics/pic3_lorentz-eps-converted-to.pdf>
Package pdftex.def Info: pics/pic3_lorentz-eps-converted-to.pdf used on input l
ine 21.
(pdftex.def)             Requested size: 220.43597pt x 113.81102pt.
 [23

 <./pics/pic3_lorentz-eps-converted-to.pdf>] [24]
Package epstopdf Info: Source file: <pics/pic3_sample.eps>
(epstopdf)                    date: 2017-09-21 13:19:40
(epstopdf)                    size: 14472 bytes
(epstopdf)             Output file: <pics/pic3_sample-eps-converted-to.pdf>
(epstopdf)                    date: 2017-09-21 14:15:58
(epstopdf)                    size: 6563 bytes
(epstopdf)             Command: <epstopdf --outfile=pics/pic3_sample-eps-conver
ted-to.pdf pics/pic3_sample.eps>
(epstopdf)             \includegraphics on input line 74.
Package epstopdf Info: Output file is already uptodate.

<pics/pic3_sample-eps-converted-to.pdf, id=135, 116.435pt x 69.25874pt>
File: pics/pic3_sample-eps-converted-to.pdf Graphic file (type pdf)

<use pics/pic3_sample-eps-converted-to.pdf>
Package pdftex.def Info: pics/pic3_sample-eps-converted-to.pdf used on input li
ne 74.
(pdftex.def)             Requested size: 191.33482pt x 113.81102pt.
 [25 <./pics/pic3_sample-eps-converted-to.pdf>]
Overfull \hbox (19.46481pt too wide) in paragraph at lines 126--127
[]$\OML/cmm/m/it/10 V[]$ \T2A/cmr/m/n/10 - по-пе-реч-ный тер-мо-галь-ва-но-маг-
нит-ный эф-фект Нернста-Эттинсгаузена,
 []

[26]
Overfull \hbox (16.58203pt too wide) in paragraph at lines 139--140
[]\T2A/cmr/m/n/10 Вкладом эф-фек-тов Пельтье-нернста-Эттинсгаузена и Пельтье-Ри
ги-Ледюка
 []

Package epstopdf Info: Source file: <pics/pic3_scheme.eps>
(epstopdf)                    date: 2017-09-21 18:03:25
(epstopdf)                    size: 20143 bytes
(epstopdf)             Output file: <pics/pic3_scheme-eps-converted-to.pdf>
(epstopdf)                    date: 2017-09-21 18:39:12
(epstopdf)                    size: 8555 bytes
(epstopdf)             Command: <epstopdf --outfile=pics/pic3_scheme-eps-conver
ted-to.pdf pics/pic3_scheme.eps>
(epstopdf)             \includegraphics on input line 150.
Package epstopdf Info: Output file is already uptodate.
<pics/pic3_scheme-eps-converted-to.pdf, id=144, 113.42375pt x 75.28125pt>
File: pics/pic3_scheme-eps-converted-to.pdf Graphic file (type pdf)

<use pics/pic3_scheme-eps-converted-to.pdf>
Package pdftex.def Info: pics/pic3_scheme-eps-converted-to.pdf used on input li
ne 150.
(pdftex.def)             Requested size: 171.49205pt x 113.81102pt.
 [27 <./pics/pic3_scheme-eps-converted-to.pdf>] [28]
Overfull \hbox (2.0136pt too wide) in paragraph at lines 208--209
[]\T2A/cmr/m/n/10 Абрамов В.Б., Аве-рин И.А., Кар-па-нин О.В. и др. Ис-сле-до-в
а-ние свойств
 []

) (chapters/fks_4.tex [29] [30

] [31] [32] [33]
Package epstopdf Info: Source file: <pics/pic4_taumetr.eps>
(epstopdf)                    date: 2017-09-27 13:39:00
(epstopdf)                    size: 58839 bytes
(epstopdf)             Output file: <pics/pic4_taumetr-eps-converted-to.pdf>
(epstopdf)                    date: 2017-09-29 13:13:40
(epstopdf)                    size: 22410 bytes
(epstopdf)             Command: <epstopdf --outfile=pics/pic4_taumetr-eps-conve
rted-to.pdf pics/pic4_taumetr.eps>
(epstopdf)             \includegraphics on input line 135.
Package epstopdf Info: Output file is already uptodate.

<pics/pic4_taumetr-eps-converted-to.pdf, id=169, 126.4725pt x 124.465pt>
File: pics/pic4_taumetr-eps-converted-to.pdf Graphic file (type pdf)

<use pics/pic4_taumetr-eps-converted-to.pdf>
Package pdftex.def Info: pics/pic4_taumetr-eps-converted-to.pdf used on input l
ine 135.
(pdftex.def)             Requested size: 173.48433pt x 170.71652pt.
 [34 <./pics/pic4_taumetr-eps-converted-to.pdf>] [35]
Overfull \hbox (2.1447pt too wide) in paragraph at lines 166--167
[]\T2A/cmr/m/n/10 Рассчитать про-филь ста-ти-че-ско-го рас-пре-де-ле-ния, за-те
м за-пу-стить рас-
 []

[36]) (chapters/fks_5.tex [37]
Overfull \hbox (4.5673pt too wide) in paragraph at lines 16--16
[]\T2A/cmr/bx/n/12 Увеличение элек-тро-со-про-тив-ле-ния по-лу-про-вод-ни-
 []

Package epstopdf Info: Source file: <pics/pic5_cycloid.eps>
(epstopdf)                    date: 2017-10-03 17:43:05
(epstopdf)                    size: 11290 bytes
(epstopdf)             Output file: <pics/pic5_cycloid-eps-converted-to.pdf>
(epstopdf)                    date: 2017-10-04 15:29:23
(epstopdf)                    size: 5739 bytes
(epstopdf)             Command: <epstopdf --outfile=pics/pic5_cycloid-eps-conve
rted-to.pdf pics/pic5_cycloid.eps>
(epstopdf)             \includegraphics on input line 21.
Package epstopdf Info: Output file is already uptodate.
<pics/pic5_cycloid-eps-converted-to.pdf, id=185, 149.55875pt x 112.42pt>
File: pics/pic5_cycloid-eps-converted-to.pdf Graphic file (type pdf)

<use pics/pic5_cycloid-eps-converted-to.pdf>
Package pdftex.def Info: pics/pic5_cycloid-eps-converted-to.pdf used on input l
ine 21.
(pdftex.def)             Requested size: 227.13995pt x 170.71652pt.
 [38

 <./pics/pic5_cycloid-eps-converted-to.pdf>]

LaTeX Warning: Command \l invalid in math mode on input line 47.


LaTeX Warning: Command \l invalid in math mode on input line 47.


LaTeX Warning: Command \l invalid in math mode on input line 47.


LaTeX Warning: Command \l invalid in math mode on input line 47.


LaTeX Warning: Command \l invalid in math mode on input line 47.


LaTeX Warning: Command \l invalid in math mode on input line 47.


Overfull \hbox (9.50043pt too wide) in paragraph at lines 50--51
[]\T2A/cmr/m/n/10 Изменение элек-тро-со-про-тив-ле-ния по-лу-про-вод-ни-ка про-
пор-ци-о-наль-но квад-
 []

) [39] (fks_project.aux)

LaTeX Warning: There were multiply-defined labels.

 ) 
Here is how much of TeX's memory you used:
 4196 strings out of 493334
 57068 string characters out of 3139263
 121216 words of memory out of 3000000
 7595 multiletter control sequences out of 15000+200000
 13770 words of font info for 33 fonts, out of 3000000 for 9000
 1141 hyphenation exceptions out of 8191
 35i,19n,26p,2184b,269s stack positions out of 5000i,500n,10000p,200000b,50000s
 <C:\Users\1\AppData\Local\MiKTeX\2.9\fonts\pk\ljfour\lh\lh-t2a\dpi600\larm05
00.pk> <C:\Users\1\AppData\Local\MiKTeX\2.9\fonts\pk\ljfour\jknappen\ec\dpi600\
tcrm1000.pk> <C:\Users\1\AppData\Local\MiKTeX\2.9\fonts\pk\ljfour\lh\lh-t2a\dpi
600\larm0700.pk> <C:\Users\1\AppData\Local\MiKTeX\2.9\fonts\pk\ljfour\lh\lh-t2a
\dpi600\labx1200.pk> <C:\Users\1\AppData\Local\MiKTeX\2.9\fonts\pk\ljfour\lh\lh
-t2a\dpi600\labx1440.pk> <C:\Users\1\AppData\Local\MiKTeX\2.9\fonts\pk\ljfour\l
h\lh-t2a\dpi600\labx1000.pk> <C:\Users\1\AppData\Local\MiKTeX\2.9\fonts\pk\ljfo
ur\lh\lh-t2a\dpi600\labx2488.pk> <C:\Users\1\AppData\Local\MiKTeX\2.9\fonts\pk\
ljfour\lh\lh-t2a\dpi600\larm1000.pk><C:/Program Files/MiKTeX 2.9/fonts/type1/pu
blic/amsfonts/cm/cmex10.pfb><C:/Program Files/MiKTeX 2.9/fonts/type1/public/ams
fonts/cm/cmmi10.pfb><C:/Program Files/MiKTeX 2.9/fonts/type1/public/amsfonts/cm
/cmmi5.pfb><C:/Program Files/MiKTeX 2.9/fonts/type1/public/amsfonts/cm/cmmi7.pf
b><C:/Program Files/MiKTeX 2.9/fonts/type1/public/amsfonts/cm/cmr10.pfb><C:/Pro
gram Files/MiKTeX 2.9/fonts/type1/public/amsfonts/cm/cmr5.pfb><C:/Program Files
/MiKTeX 2.9/fonts/type1/public/amsfonts/cm/cmr7.pfb><C:/Program Files/MiKTeX 2.
9/fonts/type1/public/amsfonts/cm/cmsy10.pfb><C:/Program Files/MiKTeX 2.9/fonts/
type1/public/amsfonts/cm/cmsy5.pfb><C:/Program Files/MiKTeX 2.9/fonts/type1/pub
lic/amsfonts/cm/cmsy7.pfb>
Output written on fks_project.pdf (40 pages, 484601 bytes).
PDF statistics:
 550 PDF objects out of 1000 (max. 8388607)
 0 named destinations out of 1000 (max. 500000)
 81 words of extra memory for PDF output out of 10000 (max. 10000000)

